<?xml version="1.0" encoding="UTF-8"?>
<!-- Generated by org.testng.reporters.JUnitXMLReporter -->
<testsuite ignored="0" hostname="Sreegeshs-MacBook-Air.local" failures="1" tests="3" name="Surefire test" time="43.875" errors="0" timestamp="2023-08-17T22:58:41 AEST">
  <testcase classname="MainAutoProject.SubmitOrderTest" name="SubmitOrde" time="5.593"/>
  <testcase classname="MainAutoProject.SubmitOrderTest" name="SubmitOrde" time="4.466"/>
  <testcase classname="MainAutoProject.SubmitOrderTest" name="orderhistory" time="1.645">
    <failure type="java.lang.AssertionError" message="expected [true] but found [false]">
      <![CDATA[java.lang.AssertionError: expected [true] but found [false]
at MainAutoProject.SubmitOrderTest.orderhistory(SubmitOrderTest.java:61)
at java.base/java.util.ArrayList.forEach(ArrayList.java:1511)
... Removed 36 stack frames]]>
    </failure>
  </testcase> <!-- orderhistory -->
</testsuite> <!-- Surefire test -->
