<?xml version="1.0" encoding="UTF-8"?>
<testng-results ignored="0" total="3" passed="2" failed="1" skipped="0">
  <reporter-output>
  </reporter-output>
  <suite started-at="2023-08-17T22:57:57 AEST" name="Surefire suite" finished-at="2023-08-17T22:58:41 AEST" duration-ms="43875">
    <groups>
      <group name="purchase">
        <method signature="SubmitOrderTest.SubmitOrde(java.util.HashMap)[pri:0, instance:MainAutoProject.SubmitOrderTest@4450d156]" name="SubmitOrde" class="MainAutoProject.SubmitOrderTest"/>
      </group> <!-- purchase -->
    </groups>
    <test started-at="2023-08-17T22:57:57 AEST" name="Surefire test" finished-at="2023-08-17T22:58:41 AEST" duration-ms="43875">
      <class name="MainAutoProject.SubmitOrderTest">
        <test-method is-config="true" signature="launchapplication()[pri:0, instance:MainAutoProject.SubmitOrderTest@4450d156]" started-at="2023-08-17T22:57:57 AEST" name="launchapplication" finished-at="2023-08-17T22:58:12 AEST" duration-ms="14468" status="PASS">
          <reporter-output>
          </reporter-output>
        </test-method> <!-- launchapplication -->
        <test-method signature="SubmitOrde(java.util.HashMap)[pri:0, instance:MainAutoProject.SubmitOrderTest@4450d156]" started-at="2023-08-17T22:58:12 AEST" name="SubmitOrde" data-provider="getData" finished-at="2023-08-17T22:58:17 AEST" duration-ms="5593" status="PASS">
          <params>
            <param index="0">
              <value>
                <![CDATA[{password=@Attra2032, email=sreegeshr@gmail.com, productName=ZARA COAT 3}]]>
              </value>
            </param>
          </params>
          <reporter-output>
          </reporter-output>
        </test-method> <!-- SubmitOrde -->
        <test-method is-config="true" signature="finalstep()[pri:0, instance:MainAutoProject.SubmitOrderTest@4450d156]" started-at="2023-08-17T22:58:17 AEST" name="finalstep" finished-at="2023-08-17T22:58:18 AEST" duration-ms="425" status="PASS">
          <reporter-output>
          </reporter-output>
        </test-method> <!-- finalstep -->
        <test-method is-config="true" signature="launchapplication()[pri:0, instance:MainAutoProject.SubmitOrderTest@4450d156]" started-at="2023-08-17T22:58:18 AEST" name="launchapplication" finished-at="2023-08-17T22:58:27 AEST" duration-ms="8791" status="PASS">
          <reporter-output>
          </reporter-output>
        </test-method> <!-- launchapplication -->
        <test-method signature="SubmitOrde(java.util.HashMap)[pri:0, instance:MainAutoProject.SubmitOrderTest@4450d156]" started-at="2023-08-17T22:58:27 AEST" name="SubmitOrde" data-provider="getData" finished-at="2023-08-17T22:58:31 AEST" duration-ms="4466" status="PASS">
          <params>
            <param index="0">
              <value>
                <![CDATA[{password=@Attra2031, email=sree1985@gmail.com, productName=ADIDAS ORIGINAL}]]>
              </value>
            </param>
          </params>
          <reporter-output>
          </reporter-output>
        </test-method> <!-- SubmitOrde -->
        <test-method is-config="true" signature="finalstep()[pri:0, instance:MainAutoProject.SubmitOrderTest@4450d156]" started-at="2023-08-17T22:58:31 AEST" name="finalstep" finished-at="2023-08-17T22:58:31 AEST" duration-ms="355" status="PASS">
          <reporter-output>
          </reporter-output>
        </test-method> <!-- finalstep -->
        <test-method is-config="true" signature="launchapplication()[pri:0, instance:MainAutoProject.SubmitOrderTest@4450d156]" started-at="2023-08-17T22:58:32 AEST" name="launchapplication" finished-at="2023-08-17T22:58:39 AEST" duration-ms="7329" status="PASS">
          <reporter-output>
          </reporter-output>
        </test-method> <!-- launchapplication -->
        <test-method signature="orderhistory()[pri:0, instance:MainAutoProject.SubmitOrderTest@4450d156]" started-at="2023-08-17T22:58:39 AEST" name="orderhistory" finished-at="2023-08-17T22:58:41 AEST" depends-on-methods="MainAutoProject.SubmitOrderTest.SubmitOrde" duration-ms="1645" status="FAIL">
          <exception class="java.lang.AssertionError">
            <message>
              <![CDATA[expected [true] but found [false]]]>
            </message>
            <full-stacktrace>
              <![CDATA[java.lang.AssertionError: expected [true] but found [false]
at org.testng.Assert.fail(Assert.java:111)
at org.testng.Assert.failNotEquals(Assert.java:1578)
at org.testng.Assert.assertTrue(Assert.java:57)
at org.testng.Assert.assertTrue(Assert.java:67)
at MainAutoProject.SubmitOrderTest.orderhistory(SubmitOrderTest.java:61)
at java.base/jdk.internal.reflect.NativeMethodAccessorImpl.invoke0(Native Method)
at java.base/jdk.internal.reflect.NativeMethodAccessorImpl.invoke(NativeMethodAccessorImpl.java:77)
at java.base/jdk.internal.reflect.DelegatingMethodAccessorImpl.invoke(DelegatingMethodAccessorImpl.java:43)
at java.base/java.lang.reflect.Method.invoke(Method.java:568)
at org.testng.internal.invokers.MethodInvocationHelper.invokeMethod(MethodInvocationHelper.java:139)
at org.testng.internal.invokers.TestInvoker.invokeMethod(TestInvoker.java:664)
at org.testng.internal.invokers.TestInvoker.invokeTestMethod(TestInvoker.java:227)
at org.testng.internal.invokers.MethodRunner.runInSequence(MethodRunner.java:50)
at org.testng.internal.invokers.TestInvoker$MethodInvocationAgent.invoke(TestInvoker.java:957)
at org.testng.internal.invokers.TestInvoker.invokeTestMethods(TestInvoker.java:200)
at org.testng.internal.invokers.TestMethodWorker.invokeTestMethods(TestMethodWorker.java:148)
at org.testng.internal.invokers.TestMethodWorker.run(TestMethodWorker.java:128)
at java.base/java.util.ArrayList.forEach(ArrayList.java:1511)
at org.testng.TestRunner.privateRun(TestRunner.java:848)
at org.testng.TestRunner.run(TestRunner.java:621)
at org.testng.SuiteRunner.runTest(SuiteRunner.java:443)
at org.testng.SuiteRunner.runSequentially(SuiteRunner.java:437)
at org.testng.SuiteRunner.privateRun(SuiteRunner.java:397)
at org.testng.SuiteRunner.run(SuiteRunner.java:336)
at org.testng.SuiteRunnerWorker.runSuite(SuiteRunnerWorker.java:52)
at org.testng.SuiteRunnerWorker.run(SuiteRunnerWorker.java:95)
at org.testng.TestNG.runSuitesSequentially(TestNG.java:1280)
at org.testng.TestNG.runSuitesLocally(TestNG.java:1200)
at org.testng.TestNG.runSuites(TestNG.java:1114)
at org.testng.TestNG.run(TestNG.java:1082)
at org.apache.maven.surefire.testng.TestNGExecutor.run(TestNGExecutor.java:135)
at org.apache.maven.surefire.testng.TestNGDirectoryTestSuite.executeMulti(TestNGDirectoryTestSuite.java:193)
at org.apache.maven.surefire.testng.TestNGDirectoryTestSuite.execute(TestNGDirectoryTestSuite.java:94)
at org.apache.maven.surefire.testng.TestNGProvider.invoke(TestNGProvider.java:146)
at org.apache.maven.surefire.booter.ForkedBooter.invokeProviderInSameClassLoader(ForkedBooter.java:384)
at org.apache.maven.surefire.booter.ForkedBooter.runSuitesInProcess(ForkedBooter.java:345)
at org.apache.maven.surefire.booter.ForkedBooter.execute(ForkedBooter.java:126)
at org.apache.maven.surefire.booter.ForkedBooter.main(ForkedBooter.java:418)
]]>
            </full-stacktrace>
          </exception> <!-- java.lang.AssertionError -->
          <reporter-output>
          </reporter-output>
        </test-method> <!-- orderhistory -->
        <test-method is-config="true" signature="finalstep()[pri:0, instance:MainAutoProject.SubmitOrderTest@4450d156]" started-at="2023-08-17T22:58:41 AEST" name="finalstep" finished-at="2023-08-17T22:58:41 AEST" duration-ms="414" status="PASS">
          <reporter-output>
          </reporter-output>
        </test-method> <!-- finalstep -->
      </class> <!-- MainAutoProject.SubmitOrderTest -->
    </test> <!-- Surefire test -->
  </suite> <!-- Surefire suite -->
</testng-results>
